<?xml version="1.0" encoding="UTF-8"?>
<testng-results ignored="0" total="1" passed="1" failed="0" skipped="0">
  <reporter-output>
  </reporter-output>
  <suite started-at="2024-04-25T12:40:18 IST" name="Default suite" finished-at="2024-04-25T12:40:30 IST" duration-ms="11297">
    <groups>
    </groups>
    <test started-at="2024-04-25T12:40:18 IST" name="Default test" finished-at="2024-04-25T12:40:30 IST" duration-ms="11297">
      <class name="TestCases.LoginTestCase">
        <test-method is-config="true" signature="launchBrowser()[pri:0, instance:TestCases.LoginTestCase@1de5f259]" started-at="2024-04-25T12:40:18 IST" name="launchBrowser" finished-at="2024-04-25T12:40:28 IST" duration-ms="9492" status="PASS">
          <reporter-output>
          </reporter-output>
        </test-method> <!-- launchBrowser -->
        <test-method signature="TC_oo1()[pri:0, instance:TestCases.LoginTestCase@1de5f259]" started-at="2024-04-25T12:40:28 IST" name="TC_oo1" finished-at="2024-04-25T12:40:30 IST" duration-ms="1740" status="PASS">
          <reporter-output>
          </reporter-output>
        </test-method> <!-- TC_oo1 -->
      </class> <!-- TestCases.LoginTestCase -->
    </test> <!-- Default test -->
  </suite> <!-- Default suite -->
</testng-results>
